› Skipping dev server
› Using --device 2DE57E2B-7FB7-4C50-B614-2EA681E9AD10
› Planning build
› Executing react-native Pods/hermes-engine » [CP-User] [Hermes] Replace Hermes for the right configuration, if needed
› Executing react-native Pods/ReactNativeDependencies » [CP-User] [RNDeps] Replace React Native Dependencies for the right configuration, if needed
› Preparing Pods/React-cxxreact-React-cxxreact_privacy » ResourceBundle-React-cxxreact_privacy-React-cxxreact-Info.plist
› Preparing Pods/React-Core-React-Core_privacy » ResourceBundle-React-Core_privacy-React-Core-Info.plist
› Preparing Pods/ExpoFileSystem-ExpoFileSystem_privacy » ResourceBundle-ExpoFileSystem_privacy-ExpoFileSystem-Info.plist
› Preparing Pods/EXConstants-ExpoConstants_privacy » ResourceBundle-ExpoConstants_privacy-EXConstants-Info.plist
› Preparing expo-constants Pods/EXConstants-EXConstants » ResourceBundle-EXConstants-EXConstants-Info.plist
› Preparing Pods/AsyncStorage-AsyncStorage_resources » ResourceBundle-AsyncStorage_resources-AsyncStorage-Info.plist
› Executing react-native Pods/React-Core-prebuilt » [CP-User] [RNCore] Replace React Native Core for the right configuration, if needed
› Executing react-native Pods/React-RCTFBReactNativeSpec » [CP-User] [RN]Check FBReactNativeSpec
› Executing expo-modules-jsi Pods/ExpoModulesJSI » [CP-User] Build ExpoModulesJSI xcframework
› Executing expo-modules-core Pods/ExpoModulesCore » [CP-User] [Expo] Switch ExpoModulesCore XCFramework for build configuration
› Executing expo-modules-core Pods/ExpoModulesCore » [CP] Copy XCFrameworks
› Executing expo-file-system Pods/ExpoFileSystem » [CP-User] [Expo] Switch ExpoFileSystem XCFramework for build configuration
› Executing expo-modules-core Pods/ExpoModulesWorklets » [CP-User] [Expo] Switch ExpoModulesWorklets XCFramework for build configuration
› Executing expo-font Pods/ExpoFont » [CP-User] [Expo] Switch ExpoFont XCFramework for build configuration
› Executing expo-constants Pods/EXConstants » [CP-User] Generate app.config for prebuilt Constants.manifest
› Executing expo-modules-core Pods/ExpoModulesWorklets » [CP] Copy XCFrameworks
› Executing expo-file-system Pods/ExpoFileSystem » [CP] Copy XCFrameworks
› Executing expo-font Pods/ExpoFont » [CP] Copy XCFrameworks
› Executing tinyverseai » [Expo] Configure project
› Compiling tinyverseai » SplashScreen.storyboard
› Preparing tinyverseai » Info.plist
› Compiling tinyverseai » tinyverseai_vers.c
› Linking   tinyverseai » tinyverseai.debug.dylib

⚠️  (ios/tinyverseai.xcodeproj:)


ignoring duplicate libraries: '-lc++'
(warning truncated)
› Generating debug tinyverseai » tinyverseai.app.dSYM
› Linking   tinyverseai » tinyverseai
› Generating debug tinyverseai » tinyverseai.app.dSYM
› Executing tinyverseai » Bundle React Native code and images
› Executing tinyverseai » [CP] Copy Pods Resources
› Executing tinyverseai » [CP] Embed Pods Frameworks
› Signing   tinyverseai » tinyverseai.debug.dylib
› Signing   tinyverseai » __preview.dylib
› Signing   tinyverseai » tinyverseai.app
› Creating  tinyverseai » tinyverseai.app
› Build Succeeded

› 0 error(s), and 1 warning(s)

Waiting on http://localhost:8081
› Installing /Users/arbindsingh/Library/Developer/Xcode/DerivedData/tinyverseai-anbdfwrwhadtcmaayvzlkqykmynj/Build/Products/Debug-iphonesimulator/tinyverseai.app
› Installing on iPhone 17 Pro
› Opening on iPhone 17 Pro (com.arv1121.tinyverse-ai)
› Opening com.arv1121.tinyverse-ai://expo-development-client/?url=http%3A%2F%2F192.168.1.8%3A8081 on iPhone 17 Pro
